<?xml version="1.0" encoding="UTF-8"?>
<!-- Generated by org.testng.reporters.JUnitXMLReporter -->
<testsuite hostname="Sky-PC" ignored="0" tests="3" failures="0" timestamp="12 Apr 2017 17:13:42 GMT" time="320.578" errors="0">
  <testcase name="MeschinoWellness" time="102.374" classname="Meschinowellness_DAFoodTracker_QuickTool_DDT"/>
  <testcase name="MeschinoWellness" time="58.101" classname="Meschinowellness_DAFoodTracker_QuickTool_DDT"/>
  <testcase name="MeschinoWellness" time="55.04" classname="Meschinowellness_DAFoodTracker_QuickTool_DDT"/>
</testsuite>
