<?xml version="1.0" encoding="UTF-8"?>
<testng-results skipped="0" failed="0" ignored="0" total="2" passed="2">
  <reporter-output>
  </reporter-output>
  <suite name="Default suite" duration-ms="593628" started-at="2017-02-09T18:16:40Z" finished-at="2017-02-09T18:26:34Z">
    <groups>
    </groups>
    <test name="Default test" duration-ms="593628" started-at="2017-02-09T18:16:40Z" finished-at="2017-02-09T18:26:34Z">
      <class name="Meschinowellness_M1CreateMyWellnessPlan">
        <test-method status="PASS" signature="Setup()[pri:0, instance:Meschinowellness_M1CreateMyWellnessPlan@1810399e]" name="Setup" is-config="true" duration-ms="14706" started-at="2017-02-09T13:16:40Z" finished-at="2017-02-09T13:16:55Z">
          <reporter-output>
          </reporter-output>
        </test-method> <!-- Setup -->
        <test-method status="PASS" signature="login()[pri:1, instance:Meschinowellness_M1CreateMyWellnessPlan@1810399e]" name="login" duration-ms="80579" started-at="2017-02-09T13:16:55Z" finished-at="2017-02-09T13:18:16Z">
          <reporter-output>
          </reporter-output>
        </test-method> <!-- login -->
        <test-method status="PASS" signature="logout(org.testng.ITestResult)[pri:0, instance:Meschinowellness_M1CreateMyWellnessPlan@1810399e]" name="logout" is-config="true" duration-ms="5" started-at="2017-02-09T13:18:16Z" finished-at="2017-02-09T13:18:16Z">
          <params>
            <param index="0">
              <value>
                <![CDATA[[TestResult name=login status=SUCCESS method=Meschinowellness_M1CreateMyWellnessPlan.login()[pri:1, instance:Meschinowellness_M1CreateMyWellnessPlan@1810399e] output={null}]]]>
              </value>
            </param>
          </params>
          <reporter-output>
          </reporter-output>
        </test-method> <!-- logout -->
        <test-method status="PASS" signature="MyWellnessPlan()[pri:2, instance:Meschinowellness_M1CreateMyWellnessPlan@1810399e]" name="MyWellnessPlan" duration-ms="498285" started-at="2017-02-09T13:18:16Z" finished-at="2017-02-09T13:26:34Z">
          <reporter-output>
          </reporter-output>
        </test-method> <!-- MyWellnessPlan -->
        <test-method status="PASS" signature="logout(org.testng.ITestResult)[pri:0, instance:Meschinowellness_M1CreateMyWellnessPlan@1810399e]" name="logout" is-config="true" duration-ms="0" started-at="2017-02-09T13:26:34Z" finished-at="2017-02-09T13:26:34Z">
          <params>
            <param index="0">
              <value>
                <![CDATA[[TestResult name=MyWellnessPlan status=SUCCESS method=Meschinowellness_M1CreateMyWellnessPlan.MyWellnessPlan()[pri:2, instance:Meschinowellness_M1CreateMyWellnessPlan@1810399e] output={null}]]]>
              </value>
            </param>
          </params>
          <reporter-output>
          </reporter-output>
        </test-method> <!-- logout -->
      </class> <!-- Meschinowellness_M1CreateMyWellnessPlan -->
    </test> <!-- Default test -->
  </suite> <!-- Default suite -->
</testng-results>
